<?xml version="1.0" encoding="UTF-8"?>
<testng-results ignored="0" total="2" passed="1" failed="1" skipped="0">
  <reporter-output>
  </reporter-output>
  <suite started-at="2021-05-03T21:14:39 IST" name="GoogleSuite" finished-at="2021-05-03T21:16:26 IST" duration-ms="106882">
    <groups>
    </groups>
    <test started-at="2021-05-03T21:14:39 IST" name="Functional Test" finished-at="2021-05-03T21:16:26 IST" duration-ms="106882">
      <class name="com.qa.FlipkartShopping.FlipkartShoppingInvalidData">
        <test-method is-config="true" signature="SetUp(java.lang.String, java.lang.String)[pri:0, instance:com.qa.FlipkartShopping.FlipkartShoppingInvalidData@53976f5c]" started-at="2021-05-03T21:15:55 IST" name="SetUp" finished-at="2021-05-03T21:16:18 IST" duration-ms="23763" status="PASS">
          <params>
            <param index="0">
              <value>
                <![CDATA[edge]]>
              </value>
            </param>
            <param index="1">
              <value>
                <![CDATA[https://www.flipkart.com/]]>
              </value>
            </param>
          </params>
          <reporter-output>
          </reporter-output>
        </test-method> <!-- SetUp -->
        <test-method signature="FlipkartShopping(java.lang.String, java.lang.String, java.lang.String)[pri:1, instance:com.qa.FlipkartShopping.FlipkartShoppingInvalidData@53976f5c]" started-at="2021-05-03T21:16:19 IST" name="FlipkartShopping" data-provider="getData" finished-at="2021-05-03T21:16:24 IST" duration-ms="5399" status="FAIL">
          <params>
            <param index="0">
              <value>
                <![CDATA[hareesh145]]>
              </value>
            </param>
            <param index="1">
              <value>
                <![CDATA[788esh123]]>
              </value>
            </param>
            <param index="2">
              <value>
                <![CDATA[Redmi 11x]]>
              </value>
            </param>
          </params>
          <exception class="org.openqa.selenium.InvalidSelectorException">
            <message>
              <![CDATA[invalid selector: Unable to locate an element with the xpath expression [@id="container"]/div/div[1]/div[1]/div[2]/div[3]/div/div/div because of the following error:
SyntaxError: Failed to execute 'evaluate' on 'Document': The string '[@id="container"]/div/div[1]/div[1]/div[2]/div[3]/div/div/div' is not a valid XPath expression.
  (Session info: MicrosoftEdge=90.0.818.51)
For documentation on this error, please visit: https://www.seleniumhq.org/exceptions/invalid_selector_exception.html
Build info: version: '3.141.59', revision: 'e82be7d358', time: '2018-11-14T08:17:03'
System info: host: 'DESKTOP-PP61K9E', ip: '192.168.43.151', os.name: 'Windows 10', os.arch: 'amd64', os.version: '10.0', java.version: '14.0.2'
Driver info: org.openqa.selenium.edge.EdgeDriver
Capabilities {acceptInsecureCerts: false, browserName: msedge, browserVersion: 90.0.818.51, javascriptEnabled: true, ms:edgeOptions: {debuggerAddress: localhost:11074}, msedge: {msedgedriverVersion: 90.0.818.42 (9cdd3057b5159f..., userDataDir: C:\Users\user\AppData\Local...}, networkConnectionEnabled: false, pageLoadStrategy: normal, platform: WINDOWS, platformName: WINDOWS, proxy: Proxy(), setWindowRect: true, strictFileInteractability: false, timeouts: {implicit: 0, pageLoad: 300000, script: 30000}, unhandledPromptBehavior: dismiss and notify, webauthn:extension:largeBlob: true, webauthn:virtualAuthenticators: true}
Session ID: 66aa1db67bb47ebc213b2d4fce615173
*** Element info: {Using=xpath, value=[@id="container"]/div/div[1]/div[1]/div[2]/div[3]/div/div/div}]]>
            </message>
            <full-stacktrace>
              <![CDATA[org.openqa.selenium.InvalidSelectorException: invalid selector: Unable to locate an element with the xpath expression [@id="container"]/div/div[1]/div[1]/div[2]/div[3]/div/div/div because of the following error:
SyntaxError: Failed to execute 'evaluate' on 'Document': The string '[@id="container"]/div/div[1]/div[1]/div[2]/div[3]/div/div/div' is not a valid XPath expression.
  (Session info: MicrosoftEdge=90.0.818.51)
For documentation on this error, please visit: https://www.seleniumhq.org/exceptions/invalid_selector_exception.html
Build info: version: '3.141.59', revision: 'e82be7d358', time: '2018-11-14T08:17:03'
System info: host: 'DESKTOP-PP61K9E', ip: '192.168.43.151', os.name: 'Windows 10', os.arch: 'amd64', os.version: '10.0', java.version: '14.0.2'
Driver info: org.openqa.selenium.edge.EdgeDriver
Capabilities {acceptInsecureCerts: false, browserName: msedge, browserVersion: 90.0.818.51, javascriptEnabled: true, ms:edgeOptions: {debuggerAddress: localhost:11074}, msedge: {msedgedriverVersion: 90.0.818.42 (9cdd3057b5159f..., userDataDir: C:\Users\user\AppData\Local...}, networkConnectionEnabled: false, pageLoadStrategy: normal, platform: WINDOWS, platformName: WINDOWS, proxy: Proxy(), setWindowRect: true, strictFileInteractability: false, timeouts: {implicit: 0, pageLoad: 300000, script: 30000}, unhandledPromptBehavior: dismiss and notify, webauthn:extension:largeBlob: true, webauthn:virtualAuthenticators: true}
Session ID: 66aa1db67bb47ebc213b2d4fce615173
*** Element info: {Using=xpath, value=[@id="container"]/div/div[1]/div[1]/div[2]/div[3]/div/div/div}
at java.base/jdk.internal.reflect.NativeConstructorAccessorImpl.newInstance0(Native Method)
at java.base/jdk.internal.reflect.NativeConstructorAccessorImpl.newInstance(NativeConstructorAccessorImpl.java:62)
at java.base/jdk.internal.reflect.DelegatingConstructorAccessorImpl.newInstance(DelegatingConstructorAccessorImpl.java:45)
at java.base/java.lang.reflect.Constructor.newInstanceWithCaller(Constructor.java:500)
at java.base/java.lang.reflect.Constructor.newInstance(Constructor.java:481)
at org.openqa.selenium.remote.http.W3CHttpResponseCodec.createException(W3CHttpResponseCodec.java:187)
at org.openqa.selenium.remote.http.W3CHttpResponseCodec.decode(W3CHttpResponseCodec.java:122)
at org.openqa.selenium.remote.http.W3CHttpResponseCodec.decode(W3CHttpResponseCodec.java:49)
at org.openqa.selenium.remote.HttpCommandExecutor.execute(HttpCommandExecutor.java:158)
at org.openqa.selenium.remote.service.DriverCommandExecutor.execute(DriverCommandExecutor.java:83)
at org.openqa.selenium.remote.RemoteWebDriver.execute(RemoteWebDriver.java:552)
at org.openqa.selenium.remote.RemoteWebDriver.findElement(RemoteWebDriver.java:323)
at org.openqa.selenium.remote.RemoteWebDriver.findElementByXPath(RemoteWebDriver.java:428)
at org.openqa.selenium.By$ByXPath.findElement(By.java:353)
at org.openqa.selenium.remote.RemoteWebDriver.findElement(RemoteWebDriver.java:315)
at org.openqa.selenium.support.pagefactory.DefaultElementLocator.findElement(DefaultElementLocator.java:69)
at org.openqa.selenium.support.pagefactory.internal.LocatingElementHandler.invoke(LocatingElementHandler.java:38)
at com.sun.proxy.$Proxy14.getText(Unknown Source)
at com.qa.FlipkartShopping.FlipkartShoppingInvalidData.FlipkartShopping(FlipkartShoppingInvalidData.java:21)
at java.base/jdk.internal.reflect.NativeMethodAccessorImpl.invoke0(Native Method)
at java.base/jdk.internal.reflect.NativeMethodAccessorImpl.invoke(NativeMethodAccessorImpl.java:62)
at java.base/jdk.internal.reflect.DelegatingMethodAccessorImpl.invoke(DelegatingMethodAccessorImpl.java:43)
at java.base/java.lang.reflect.Method.invoke(Method.java:564)
at org.testng.internal.MethodInvocationHelper.invokeMethod(MethodInvocationHelper.java:132)
at org.testng.internal.TestInvoker.invokeMethod(TestInvoker.java:599)
at org.testng.internal.TestInvoker.invokeTestMethod(TestInvoker.java:174)
at org.testng.internal.MethodRunner.runInSequence(MethodRunner.java:46)
at org.testng.internal.TestInvoker$MethodInvocationAgent.invoke(TestInvoker.java:822)
at org.testng.internal.TestInvoker.invokeTestMethods(TestInvoker.java:147)
at org.testng.internal.TestMethodWorker.invokeTestMethods(TestMethodWorker.java:146)
at org.testng.internal.TestMethodWorker.run(TestMethodWorker.java:128)
at java.base/java.util.ArrayList.forEach(ArrayList.java:1511)
at org.testng.TestRunner.privateRun(TestRunner.java:764)
at org.testng.TestRunner.run(TestRunner.java:585)
at org.testng.SuiteRunner.runTest(SuiteRunner.java:384)
at org.testng.SuiteRunner.runSequentially(SuiteRunner.java:378)
at org.testng.SuiteRunner.privateRun(SuiteRunner.java:337)
at org.testng.SuiteRunner.run(SuiteRunner.java:286)
at org.testng.SuiteRunnerWorker.runSuite(SuiteRunnerWorker.java:53)
at org.testng.SuiteRunnerWorker.run(SuiteRunnerWorker.java:96)
at org.testng.TestNG.runSuitesSequentially(TestNG.java:1218)
at org.testng.TestNG.runSuitesLocally(TestNG.java:1140)
at org.testng.TestNG.runSuites(TestNG.java:1069)
at org.testng.TestNG.run(TestNG.java:1037)
at org.testng.remote.AbstractRemoteTestNG.run(AbstractRemoteTestNG.java:115)
at org.testng.remote.RemoteTestNG.initAndRun(RemoteTestNG.java:251)
at org.testng.remote.RemoteTestNG.main(RemoteTestNG.java:77)
]]>
            </full-stacktrace>
          </exception> <!-- org.openqa.selenium.InvalidSelectorException -->
          <reporter-output>
          </reporter-output>
        </test-method> <!-- FlipkartShopping -->
        <test-method is-config="true" signature="TearDown()[pri:0, instance:com.qa.FlipkartShopping.FlipkartShoppingInvalidData@53976f5c]" started-at="2021-05-03T21:16:24 IST" name="TearDown" finished-at="2021-05-03T21:16:26 IST" duration-ms="1418" status="PASS">
          <reporter-output>
          </reporter-output>
        </test-method> <!-- TearDown -->
      </class> <!-- com.qa.FlipkartShopping.FlipkartShoppingInvalidData -->
      <class name="com.qa.FlipkartShopping.TC_FlipkartShopping_01">
        <test-method is-config="true" signature="SetUp(java.lang.String, java.lang.String)[pri:0, instance:com.qa.FlipkartShopping.TC_FlipkartShopping_01@4e7912d8]" started-at="2021-05-03T21:14:40 IST" name="SetUp" finished-at="2021-05-03T21:15:18 IST" duration-ms="38785" status="PASS">
          <params>
            <param index="0">
              <value>
                <![CDATA[edge]]>
              </value>
            </param>
            <param index="1">
              <value>
                <![CDATA[https://www.flipkart.com/]]>
              </value>
            </param>
          </params>
          <reporter-output>
          </reporter-output>
        </test-method> <!-- SetUp -->
        <test-method signature="FlipkartShopping(java.lang.String, java.lang.String, java.lang.String)[pri:1, instance:com.qa.FlipkartShopping.TC_FlipkartShopping_01@4e7912d8]" started-at="2021-05-03T21:15:28 IST" name="FlipkartShopping" data-provider="getData" finished-at="2021-05-03T21:15:52 IST" duration-ms="23749" status="PASS">
          <params>
            <param index="0">
              <value>
                <![CDATA[8897546973]]>
              </value>
            </param>
            <param index="1">
              <value>
                <![CDATA[hareesh123]]>
              </value>
            </param>
            <param index="2">
              <value>
                <![CDATA[Redmi 11x]]>
              </value>
            </param>
          </params>
          <reporter-output>
          </reporter-output>
        </test-method> <!-- FlipkartShopping -->
        <test-method is-config="true" signature="TearDown()[pri:0, instance:com.qa.FlipkartShopping.TC_FlipkartShopping_01@4e7912d8]" started-at="2021-05-03T21:15:52 IST" name="TearDown" finished-at="2021-05-03T21:15:55 IST" duration-ms="2220" status="PASS">
          <reporter-output>
          </reporter-output>
        </test-method> <!-- TearDown -->
      </class> <!-- com.qa.FlipkartShopping.TC_FlipkartShopping_01 -->
    </test> <!-- Functional Test -->
  </suite> <!-- GoogleSuite -->
</testng-results>
